<?xml version="1.0" encoding="UTF-8"?>
<!-- Generated by org.testng.reporters.JUnitReportReporter -->
<testsuite skipped="0" hostname="HARDIKs-MacBook-Pro.local" name="testCases.LoginPageTest" tests="1" failures="0" timestamp="23 Dec 2020 21:34:31 GMT" time="22.436" errors="0">
  <testcase name="loginTest" time="22.436" classname="testCases.LoginPageTest"/>
</testsuite> <!-- testCases.LoginPageTest -->
